 
Ansys Electronics Desktop Version 2024.2.1, Build: 2024-09-11 12:32:24
Location: C:\Program Files\AnsysEM\v242\Win64\ansysedt.exe
Non Graphical Mode: No Project??
Starting Batch Run: 7:12:29 AM  Dec 05, 2024
Running as user : ANSYS\estaggs
Temp directory: C:\Users\estaggs\AppData\Local\Temp
Project directory: D:\Designs\Electronics_Desktop_2024
-- Message Window --
      *Global - Messages
        [info] GRPC server running on port: 51249. 
        [info] Parsing D:\Designs\Electronics_Desktop_2024\EMIT\AH-64 Apache Cosite.aedt.
        [info] Project AH-64 Apache Cosite has been opened.
        [info] Active Design set to 118;Apache Cosite
        [info] Aedt Objects correctly read
        [info] ModelerCircuit class has been initialized! Elapsed time: 0m 0sec
        [info] ModelerEmit class has been initialized!
        [info] File D:\Designs\Electronics_Desktop_2024\EMIT\AH-64 Apache Cosite.aedt correctly loaded. Elapsed time: 0m 1sec
        [error] **************************************************************
        [error]   File "D:\OneDrive - ANSYS, Inc\Documents\GitHub\emit_hackathon_2\main.py", line 76, in <module>
        [error]     main()
        [error]   File "D:\OneDrive - ANSYS, Inc\Documents\GitHub\emit_hackathon_2\main.py", line 47, in main
        [error]     interaction = revision.run(domain)
        [error] Error: a license session was attempted to be used with different settings than initialized with. build: 0 - 2024-05-23 2:29:36  while processing "run" on run
        [error] Last Electronics Desktop Message - [error] error: a license session was attempted to be used with different settings than initialized with. build: 0 - 2024-05-23 2:29:36  while processing "run" on run  
        [error] Method arguments: 
        [error]     domain = <EmitApiPython311.InteractionDomain object at 0x000001F81B557C40> 
        [error] **************************************************************
-- Message Window --
Stopping Batch Run: 7:12:50 AM  Dec 05, 2024
 
Ansys Electronics Desktop Version 2024.2.1, Build: 2024-09-11 12:32:24
Location: C:\Program Files\AnsysEM\v242\Win64\ansysedt.exe
Non Graphical Mode: No Project??
Starting Batch Run: 7:14:27 AM  Dec 05, 2024
Running as user : ANSYS\estaggs
Temp directory: C:\Users\estaggs\AppData\Local\Temp
Project directory: D:\Designs\Electronics_Desktop_2024
-- Message Window --
      *Global - Messages
        [info] GRPC server running on port: 51332. 
        [info] Parsing D:\Designs\Electronics_Desktop_2024\EMIT\AH-64 Apache Cosite.aedt.
        [info] Project AH-64 Apache Cosite has been opened.
        [info] Active Design set to 118;Apache Cosite
        [info] Aedt Objects correctly read
        [info] ModelerCircuit class has been initialized! Elapsed time: 0m 0sec
        [info] ModelerEmit class has been initialized!
        [info] Project AH-64 Apache Cosite Saved correctly
        [info] File D:\Designs\Electronics_Desktop_2024\EMIT\AH-64 Apache Cosite.aedt correctly loaded. Elapsed time: 0m 7sec
-- Message Window --
Stopping Batch Run: 7:17:19 AM  Dec 05, 2024
 
Ansys Electronics Desktop Version 2024.2.1, Build: 2024-09-11 12:32:24
Location: C:\Program Files\AnsysEM\v242\Win64\ansysedt.exe
Non Graphical Mode: No Project??
Starting Batch Run: 7:25:05 AM  Dec 05, 2024
Running as user : ANSYS\estaggs
Temp directory: C:\Users\estaggs\AppData\Local\Temp
Project directory: D:\Designs\Electronics_Desktop_2024
-- Message Window --
      *Global - Messages
        [info] GRPC server running on port: 52162. 
        [info] Parsing D:\Designs\Electronics_Desktop_2024\EMIT\AH-64 Apache Cosite.aedt.
        [info] Project AH-64 Apache Cosite has been opened.
        [info] File D:\Designs\Electronics_Desktop_2024\EMIT\AH-64 Apache Cosite.aedt correctly loaded. Elapsed time: 0m 5sec
        [info] Active Design set to 118;Apache Cosite
        [info] Aedt Objects correctly read
        [info] ModelerCircuit class has been initialized! Elapsed time: 0m 0sec
        [info] ModelerEmit class has been initialized!
        [info] Project AH-64 Apache Cosite Saved correctly
-- Message Window --
Stopping Batch Run: 7:27:49 AM  Dec 05, 2024
 
Ansys Electronics Desktop Version 2024.2.1, Build: 2024-09-11 12:32:24
Location: C:\Program Files\AnsysEM\v242\Win64\ansysedt.exe
Non Graphical Mode: No Project??
Starting Batch Run: 7:28:44 AM  Dec 05, 2024
Running as user : ANSYS\estaggs
Temp directory: C:\Users\estaggs\AppData\Local\Temp
Project directory: D:\Designs\Electronics_Desktop_2024
[warning] Electronics Desktop cannot be closed right now because it is being used by another application, script or extension wizard.

[warning] Electronics Desktop cannot be closed right now because it is being used by another application, script or extension wizard.

[warning] Electronics Desktop cannot be closed right now because it is being used by another application, script or extension wizard.

     [info] GRPC server running on port: 52916. 
-- Message Window --
Stopping Batch Run: 7:30:40 AM  Dec 05, 2024
 
Ansys Electronics Desktop Version 2024.2.1, Build: 2024-09-11 12:32:24
Location: C:\Program Files\AnsysEM\v242\Win64\ansysedt.exe
Non Graphical Mode: No Project??
Starting Batch Run: 7:31:50 AM  Dec 05, 2024
Running as user : ANSYS\estaggs
Temp directory: C:\Users\estaggs\AppData\Local\Temp
Project directory: D:\Designs\Electronics_Desktop_2024
 
Ansys Electronics Desktop Version 2024.2.1, Build: 2024-09-11 12:32:24
Location: C:\Program Files\AnsysEM\v242\Win64\ansysedt.exe
Non Graphical Mode: No Project??
Starting Batch Run: 7:33:17 AM  Dec 05, 2024
Running as user : ANSYS\estaggs
Temp directory: C:\Users\estaggs\AppData\Local\Temp
Project directory: D:\Designs\Electronics_Desktop_2024
-- Message Window --
      *Global - Messages
        [info] GRPC server running on port: 53017. 
        [info] Parsing D:\Designs\Electronics_Desktop_2024\EMIT\AH-64 Apache Cosite.aedt.
        [info] Project AH-64 Apache Cosite has been opened.
        [info] File D:\Designs\Electronics_Desktop_2024\EMIT\AH-64 Apache Cosite.aedt correctly loaded. Elapsed time: 0m 5sec
        [info] Active Design set to 118;Apache Cosite
        [info] Aedt Objects correctly read
        [info] ModelerCircuit class has been initialized! Elapsed time: 0m 0sec
        [info] ModelerEmit class has been initialized!
        [info] Project AH-64 Apache Cosite Saved correctly
-- Message Window --
Stopping Batch Run: 7:35:59 AM  Dec 05, 2024
 
Ansys Electronics Desktop Version 2024.2.1, Build: 2024-09-11 12:32:24
Location: C:\Program Files\AnsysEM\v242\Win64\ansysedt.exe
Non Graphical Mode: No Project??
Starting Batch Run: 7:40:34 AM  Dec 05, 2024
Running as user : ANSYS\estaggs
Temp directory: C:\Users\estaggs\AppData\Local\Temp
Project directory: D:\Designs\Electronics_Desktop_2024
-- Message Window --
      *Global - Messages
        [info] GRPC server running on port: 53745. 
        [info] Parsing D:\Designs\Electronics_Desktop_2024\EMIT\AH-64 Apache Cosite.aedt.
        [info] Project AH-64 Apache Cosite has been opened.
        [info] File D:\Designs\Electronics_Desktop_2024\EMIT\AH-64 Apache Cosite.aedt correctly loaded. Elapsed time: 0m 5sec
        [info] Active Design set to 118;Apache Cosite
        [info] Aedt Objects correctly read
        [info] ModelerCircuit class has been initialized! Elapsed time: 0m 0sec
        [info] ModelerEmit class has been initialized!
        [info] Project AH-64 Apache Cosite Saved correctly
-- Message Window --
Stopping Batch Run: 7:43:16 AM  Dec 05, 2024
 
Ansys Electronics Desktop Version 2024.2.1, Build: 2024-09-11 12:32:24
Location: C:\Program Files\AnsysEM\v242\Win64\ansysedt.exe
Non Graphical Mode: No Project??
Starting Batch Run: 7:43:36 AM  Dec 05, 2024
Running as user : ANSYS\estaggs
Temp directory: C:\Users\estaggs\AppData\Local\Temp
Project directory: D:\Designs\Electronics_Desktop_2024
 
Ansys Electronics Desktop Version 2024.2.1, Build: 2024-09-11 12:32:24
Location: C:\Program Files\AnsysEM\v242\Win64\ansysedt.exe
Non Graphical Mode: No Project??
Starting Batch Run: 7:46:07 AM  Dec 05, 2024
Running as user : ANSYS\estaggs
Temp directory: C:\Users\estaggs\AppData\Local\Temp
Project directory: D:\Designs\Electronics_Desktop_2024
-- Message Window --
      *Global - Messages
        [info] GRPC server running on port: 54508. 
        [info] Parsing D:\Designs\Electronics_Desktop_2024\EMIT\AH-64 Apache Cosite.aedt.
        [info] Project AH-64 Apache Cosite has been opened.
        [info] File D:\Designs\Electronics_Desktop_2024\EMIT\AH-64 Apache Cosite.aedt correctly loaded. Elapsed time: 0m 5sec
        [info] Active Design set to 118;Apache Cosite
        [info] Aedt Objects correctly read
        [info] ModelerCircuit class has been initialized! Elapsed time: 0m 0sec
        [info] ModelerEmit class has been initialized!
        [error] **************************************************************
        [error]   File "D:\OneDrive - ANSYS, Inc\Documents\GitHub\emit_hackathon_2\main.py", line 77, in <module>
        [error]     main()
        [error]   File "D:\OneDrive - ANSYS, Inc\Documents\GitHub\emit_hackathon_2\main.py", line 47, in main
        [error]     interaction = revision.run(domain)
        [error] Error: a license session was attempted to be used with different settings than initialized with. build: 0 - 2024-05-23 2:29:36  while processing "run" on run
        [error] Last Electronics Desktop Message - [error] error: a license session was attempted to be used with different settings than initialized with. build: 0 - 2024-05-23 2:29:36  while processing "run" on run  
        [error] Method arguments: 
        [error]     domain = <EmitApiPython311.InteractionDomain object at 0x000001741656F510> 
        [error] **************************************************************
-- Message Window --
Stopping Batch Run: 7:46:22 AM  Dec 05, 2024
 
Ansys Electronics Desktop Version 2024.2.1, Build: 2024-09-11 12:32:24
Location: C:\Program Files\AnsysEM\v242\Win64\ansysedt.exe
Non Graphical Mode: No Project??
Starting Batch Run: 7:51:03 AM  Dec 05, 2024
Running as user : ANSYS\estaggs
Temp directory: C:\Users\estaggs\AppData\Local\Temp
Project directory: D:\Designs\Electronics_Desktop_2024
-- Message Window --
      *Global - Messages
        [info] GRPC server running on port: 54716. 
        [info] Parsing D:\Designs\Electronics_Desktop_2024\EMIT\AH-64 Apache Cosite.aedt.
        [info] Project AH-64 Apache Cosite has been opened.
        [info] File D:\Designs\Electronics_Desktop_2024\EMIT\AH-64 Apache Cosite.aedt correctly loaded. Elapsed time: 0m 5sec
        [info] Active Design set to 118;Apache Cosite
        [info] Aedt Objects correctly read
        [info] ModelerCircuit class has been initialized! Elapsed time: 0m 0sec
        [info] ModelerEmit class has been initialized!
        [info] Project AH-64 Apache Cosite Saved correctly
-- Message Window --
Stopping Batch Run: 7:52:10 AM  Dec 05, 2024
 
Ansys Electronics Desktop Version 2024.2.1, Build: 2024-09-11 12:32:24
Location: C:\Program Files\AnsysEM\v242\Win64\ansysedt.exe
Non Graphical Mode: No Project??
Starting Batch Run: 8:10:47 AM  Dec 05, 2024
Running as user : ANSYS\estaggs
Temp directory: C:\Users\estaggs\AppData\Local\Temp
Project directory: D:\Designs\Electronics_Desktop_2024
-- Message Window --
      *Global - Messages
        [info] GRPC server running on port: 55143. 
        [info] Parsing D:\Designs\Electronics_Desktop_2024\EMIT\AH-64 Apache Cosite.aedt.
        [info] Project AH-64 Apache Cosite has been opened.
        [info] File D:\Designs\Electronics_Desktop_2024\EMIT\AH-64 Apache Cosite.aedt correctly loaded. Elapsed time: 0m 7sec
        [info] Active Design set to 118;Apache Cosite
        [info] Aedt Objects correctly read
        [info] ModelerCircuit class has been initialized! Elapsed time: 0m 0sec
        [info] ModelerEmit class has been initialized!
        [info] Project AH-64 Apache Cosite Saved correctly
-- Message Window --
Stopping Batch Run: 8:12:03 AM  Dec 05, 2024
 
Ansys Electronics Desktop Version 2024.2.1, Build: 2024-09-11 12:32:24
Location: C:\Program Files\AnsysEM\v242\Win64\ansysedt.exe
Non Graphical Mode: No Project??
Starting Batch Run: 8:13:09 AM  Dec 05, 2024
Running as user : ANSYS\estaggs
Temp directory: C:\Users\estaggs\AppData\Local\Temp
Project directory: D:\Designs\Electronics_Desktop_2024
 
Ansys Electronics Desktop Version 2024.2.1, Build: 2024-09-11 12:32:24
Location: C:\Program Files\AnsysEM\v242\Win64\ansysedt.exe
Non Graphical Mode: No Project??
Starting Batch Run: 8:16:42 AM  Dec 05, 2024
Running as user : ANSYS\estaggs
Temp directory: C:\Users\estaggs\AppData\Local\Temp
Project directory: D:\Designs\Electronics_Desktop_2024
-- Message Window --
      *Global - Messages
        [info] GRPC server running on port: 55393. 
        [info] Parsing D:\Designs\Electronics_Desktop_2024\EMIT\AH-64 Apache Cosite.aedt.
        [info] Project AH-64 Apache Cosite has been opened.
        [info] File D:\Designs\Electronics_Desktop_2024\EMIT\AH-64 Apache Cosite.aedt correctly loaded. Elapsed time: 0m 6sec
        [info] Active Design set to 118;Apache Cosite
        [info] Aedt Objects correctly read
        [info] ModelerCircuit class has been initialized! Elapsed time: 0m 0sec
        [info] ModelerEmit class has been initialized!
        [info] Project AH-64 Apache Cosite Saved correctly
-- Message Window --
Stopping Batch Run: 8:17:55 AM  Dec 05, 2024
 
Ansys Electronics Desktop Version 2024.2.1, Build: 2024-09-11 12:32:24
Location: C:\Program Files\AnsysEM\v242\Win64\ansysedt.exe
Non Graphical Mode: No Project??
Starting Batch Run: 8:18:37 AM  Dec 05, 2024
Running as user : ANSYS\estaggs
Temp directory: C:\Users\estaggs\AppData\Local\Temp
Project directory: D:\Designs\Electronics_Desktop_2024
-- Message Window --
      *Global - Messages
        [info] GRPC server running on port: 55520. 
        [info] Parsing D:\Designs\Electronics_Desktop_2024\EMIT\AH-64 Apache Cosite.aedt.
        [info] Project AH-64 Apache Cosite has been opened.
        [info] Active Design set to 118;Apache Cosite
        [info] File D:\Designs\Electronics_Desktop_2024\EMIT\AH-64 Apache Cosite.aedt correctly loaded. Elapsed time: 0m 6sec
        [info] Aedt Objects correctly read
        [info] ModelerCircuit class has been initialized! Elapsed time: 0m 0sec
        [info] ModelerEmit class has been initialized!
        [info] Project AH-64 Apache Cosite Saved correctly
-- Message Window --
Stopping Batch Run: 8:23:25 AM  Dec 05, 2024
 
Ansys Electronics Desktop Version 2024.2.1, Build: 2024-09-11 12:32:24
Location: C:\Program Files\AnsysEM\v242\Win64\ansysedt.exe
Non Graphical Mode: No Project??
Starting Batch Run: 8:36:20 AM  Dec 05, 2024
Running as user : ANSYS\estaggs
Temp directory: C:\Users\estaggs\AppData\Local\Temp
Project directory: D:\Designs\Electronics_Desktop_2024
-- Message Window --
      *Global - Messages
        [info] GRPC server running on port: 57700. 
        [info] Parsing D:\Designs\Electronics_Desktop_2024\EMIT\AH-64 Apache Cosite.aedt.
        [info] Project AH-64 Apache Cosite has been opened.
        [info] File D:\Designs\Electronics_Desktop_2024\EMIT\AH-64 Apache Cosite.aedt correctly loaded. Elapsed time: 0m 6sec
        [info] Active Design set to 118;Apache Cosite
        [info] Aedt Objects correctly read
        [info] ModelerCircuit class has been initialized! Elapsed time: 0m 0sec
        [info] ModelerEmit class has been initialized!
        [info] Project AH-64 Apache Cosite Saved correctly
-- Message Window --
Stopping Batch Run: 8:37:31 AM  Dec 05, 2024
 
Ansys Electronics Desktop Version 2024.2.1, Build: 2024-09-11 12:32:24
Location: C:\Program Files\AnsysEM\v242\Win64\ansysedt.exe
Non Graphical Mode: No Project??
Starting Batch Run: 8:42:51 AM  Dec 05, 2024
Running as user : ANSYS\estaggs
Temp directory: C:\Users\estaggs\AppData\Local\Temp
Project directory: D:\Designs\Electronics_Desktop_2024
-- Message Window --
      *Global - Messages
        [info] GRPC server running on port: 58139. 
        [info] Parsing D:\Designs\Electronics_Desktop_2024\EMIT\AH-64 Apache Cosite.aedt.
        [info] Project AH-64 Apache Cosite has been opened.
        [info] File D:\Designs\Electronics_Desktop_2024\EMIT\AH-64 Apache Cosite.aedt correctly loaded. Elapsed time: 0m 7sec
        [info] Active Design set to 118;Apache Cosite
        [info] Aedt Objects correctly read
        [info] ModelerCircuit class has been initialized! Elapsed time: 0m 0sec
        [info] ModelerEmit class has been initialized!
        [info] Project AH-64 Apache Cosite Saved correctly
-- Message Window --
Stopping Batch Run: 8:52:46 AM  Dec 05, 2024
 
Ansys Electronics Desktop Version 2024.2.1, Build: 2024-09-11 12:32:24
Location: C:\Program Files\AnsysEM\v242\Win64\ansysedt.exe
Non Graphical Mode: No Project??
Starting Batch Run: 8:53:00 AM  Dec 05, 2024
Running as user : ANSYS\estaggs
Temp directory: C:\Users\estaggs\AppData\Local\Temp
Project directory: D:\Designs\Electronics_Desktop_2024
 
Ansys Electronics Desktop Version 2024.2.1, Build: 2024-09-11 12:32:24
Location: C:\Program Files\AnsysEM\v242\Win64\ansysedt.exe
Non Graphical Mode: No Project??
Starting Batch Run: 8:53:48 AM  Dec 05, 2024
Running as user : ANSYS\estaggs
Temp directory: C:\Users\estaggs\AppData\Local\Temp
Project directory: D:\Designs\Electronics_Desktop_2024
 
Ansys Electronics Desktop Version 2024.2.1, Build: 2024-09-11 12:32:24
Location: C:\Program Files\AnsysEM\v242\Win64\ansysedt.exe
Non Graphical Mode: No Project??
Starting Batch Run: 8:54:33 AM  Dec 05, 2024
Running as user : ANSYS\estaggs
Temp directory: C:\Users\estaggs\AppData\Local\Temp
Project directory: D:\Designs\Electronics_Desktop_2024
-- Message Window --
      *Global - Messages
        [info] GRPC server running on port: 58718. 
        [info] Parsing D:\Designs\Electronics_Desktop_2024\EMIT\AH-64 Apache Cosite.aedt.
        [info] Project AH-64 Apache Cosite has been opened.
        [info] File D:\Designs\Electronics_Desktop_2024\EMIT\AH-64 Apache Cosite.aedt correctly loaded. Elapsed time: 0m 6sec
        [info] Active Design set to 118;Apache Cosite
        [info] Aedt Objects correctly read
        [info] ModelerCircuit class has been initialized! Elapsed time: 0m 0sec
        [info] ModelerEmit class has been initialized!
        [info] Project AH-64 Apache Cosite Saved correctly
-- Message Window --
 
Ansys Electronics Desktop Version 2024.2.1, Build: 2024-09-11 12:32:24
Location: C:\Program Files\AnsysEM\v242\Win64\ansysedt.exe
Non Graphical Mode: No Project??
Starting Batch Run: 9:11:07 AM  Dec 05, 2024
Running as user : ANSYS\estaggs
Temp directory: C:\Users\estaggs\AppData\Local\Temp
Project directory: D:\Designs\Electronics_Desktop_2024
-- Message Window --
      *Global - Messages
        [info] GRPC server running on port: 59248. 
        [info] Parsing D:\Designs\Electronics_Desktop_2024\EMIT\AH-64 Apache Cosite.aedt.
        [info] Project AH-64 Apache Cosite has been opened.
        [info] File D:\Designs\Electronics_Desktop_2024\EMIT\AH-64 Apache Cosite.aedt correctly loaded. Elapsed time: 0m 7sec
        [info] Active Design set to 118;Apache Cosite
        [info] Aedt Objects correctly read
        [info] ModelerCircuit class has been initialized! Elapsed time: 0m 0sec
        [info] ModelerEmit class has been initialized!
        [info] Project AH-64 Apache Cosite Saved correctly
-- Message Window --
Stopping Batch Run: 9:11:29 AM  Dec 05, 2024
 
Ansys Electronics Desktop Version 2024.2.1, Build: 2024-09-11 12:32:24
Location: C:\Program Files\AnsysEM\v242\Win64\ansysedt.exe
Non Graphical Mode: No Project??
Starting Batch Run: 9:12:10 AM  Dec 05, 2024
Running as user : ANSYS\estaggs
Temp directory: C:\Users\estaggs\AppData\Local\Temp
Project directory: D:\Designs\Electronics_Desktop_2024
-- Message Window --
      *Global - Messages
        [info] GRPC server running on port: 59326. 
        [info] Parsing D:\Designs\Electronics_Desktop_2024\EMIT\AH-64 Apache Cosite.aedt.
        [info] Project AH-64 Apache Cosite has been opened.
        [info] File D:\Designs\Electronics_Desktop_2024\EMIT\AH-64 Apache Cosite.aedt correctly loaded. Elapsed time: 0m 5sec
        [info] Active Design set to 118;Apache Cosite
        [info] Aedt Objects correctly read
        [info] ModelerCircuit class has been initialized! Elapsed time: 0m 0sec
        [info] ModelerEmit class has been initialized!
        [info] Project AH-64 Apache Cosite Saved correctly
-- Message Window --
Stopping Batch Run: 9:13:17 AM  Dec 05, 2024
 
Ansys Electronics Desktop Version 2024.2.1, Build: 2024-09-11 12:32:24
Location: C:\Program Files\AnsysEM\v242\Win64\ansysedt.exe
Non Graphical Mode: No Project??
Starting Batch Run: 9:15:00 AM  Dec 05, 2024
Running as user : ANSYS\estaggs
Temp directory: C:\Users\estaggs\AppData\Local\Temp
Project directory: D:\Designs\Electronics_Desktop_2024
-- Message Window --
      *Global - Messages
        [info] GRPC server running on port: 59585. 
        [info] Parsing D:\Designs\Electronics_Desktop_2024\EMIT\AH-64 Apache Cosite.aedt.
        [info] Project AH-64 Apache Cosite has been opened.
        [info] File D:\Designs\Electronics_Desktop_2024\EMIT\AH-64 Apache Cosite.aedt correctly loaded. Elapsed time: 0m 6sec
        [info] Active Design set to 118;Apache Cosite
        [info] Aedt Objects correctly read
        [info] ModelerCircuit class has been initialized! Elapsed time: 0m 0sec
        [info] ModelerEmit class has been initialized!
        [info] Project AH-64 Apache Cosite Saved correctly
-- Message Window --
Stopping Batch Run: 9:16:08 AM  Dec 05, 2024
 
Ansys Electronics Desktop Version 2025.1.0, Build: 2024-07-25 02:25:26
Location: C:\Program Files\AnsysEM\v251\Win64\ansysedt.exe
Non Graphical Mode: No Project??
Starting Batch Run: 10:37:29 AM  Dec 05, 2024
Running as user : ANSYS\estaggs
Temp directory: C:\Users\estaggs\AppData\Local\Temp
Project directory: D:\Designs\Electronics_Desktop_2025
-- Message Window --
      *Global - Messages
        [info] GRPC server running on port: 62583. 
        [info] Parsing D:\Designs\Electronics_Desktop_2025\EMIT\AH-64 Apache Cosite.aedt.
        [info] Project AH-64 Apache Cosite has been opened.
        [info] File D:\Designs\Electronics_Desktop_2025\EMIT\AH-64 Apache Cosite.aedt correctly loaded. Elapsed time: 0m 6sec
        [info] Active Design set to 118;Apache Cosite
        [info] Aedt Objects correctly read
        [info] ModelerCircuit class has been initialized! Elapsed time: 0m 0sec
        [info] ModelerEmit class has been initialized!
        [info] Project AH-64 Apache Cosite Saved correctly
-- Message Window --
Stopping Batch Run: 10:38:36 AM  Dec 05, 2024
 
Ansys Electronics Desktop Version 2025.1.0, Build: 2024-07-25 02:25:26
Location: C:\Program Files\AnsysEM\v251\Win64\ansysedt.exe
Non Graphical Mode: No Project??
Starting Batch Run: 10:39:06 AM  Dec 05, 2024
Running as user : ANSYS\estaggs
Temp directory: C:\Users\estaggs\AppData\Local\Temp
Project directory: D:\Designs\Electronics_Desktop_2025
-- Message Window --
      *Global - Messages
        [info] GRPC server running on port: 62663. 
        [info] Parsing D:\Designs\Electronics_Desktop_2025\EMIT\AH-64 Apache Cosite.aedt.
        [info] Project AH-64 Apache Cosite has been opened.
        [info] File D:\Designs\Electronics_Desktop_2025\EMIT\AH-64 Apache Cosite.aedt correctly loaded. Elapsed time: 0m 6sec
        [info] Active Design set to 118;Apache Cosite
        [info] Aedt Objects correctly read
        [info] ModelerCircuit class has been initialized! Elapsed time: 0m 0sec
        [info] ModelerEmit class has been initialized!
        [info] Project AH-64 Apache Cosite Saved correctly
-- Message Window --
Stopping Batch Run: 10:40:13 AM  Dec 05, 2024
 
Ansys Electronics Desktop Version 2025.1.0, Build: 2024-07-25 02:25:26
Location: C:\Program Files\AnsysEM\v251\Win64\ansysedt.exe
Non Graphical Mode: No Project??
Starting Batch Run: 10:41:19 AM  Dec 05, 2024
Running as user : ANSYS\estaggs
Temp directory: C:\Users\estaggs\AppData\Local\Temp
Project directory: D:\Designs\Electronics_Desktop_2025
-- Message Window --
      *Global - Messages
        [info] GRPC server running on port: 62811. 
        [info] Parsing D:\Designs\Electronics_Desktop_2025\EMIT\AH-64 Apache Cosite.aedt.
        [info] Project AH-64 Apache Cosite has been opened.
        [info] File D:\Designs\Electronics_Desktop_2025\EMIT\AH-64 Apache Cosite.aedt correctly loaded. Elapsed time: 0m 6sec
        [info] Active Design set to 118;Apache Cosite
        [info] Aedt Objects correctly read
        [info] ModelerCircuit class has been initialized! Elapsed time: 0m 0sec
        [info] ModelerEmit class has been initialized!
        [info] Project AH-64 Apache Cosite Saved correctly
-- Message Window --
Stopping Batch Run: 10:42:24 AM  Dec 05, 2024
 
Ansys Electronics Desktop Version 2025.1.0, Build: 2024-07-25 02:25:26
Location: C:\Program Files\AnsysEM\v251\Win64\ansysedt.exe
Non Graphical Mode: No Project??
Starting Batch Run: 11:19:11 AM  Dec 05, 2024
Running as user : ANSYS\estaggs
Temp directory: C:\Users\estaggs\AppData\Local\Temp
Project directory: D:\Designs\Electronics_Desktop_2025
[warning] Electronics Desktop cannot be closed right now because it is being used by another application, script or extension wizard.

[warning] Electronics Desktop cannot be closed right now because it is being used by another application, script or extension wizard.

[warning] Electronics Desktop cannot be closed right now because it is being used by another application, script or extension wizard.

[warning] Electronics Desktop cannot be closed right now because it is being used by another application, script or extension wizard.

[warning] Electronics Desktop cannot be closed right now because it is being used by another application, script or extension wizard.

[warning] Electronics Desktop cannot be closed right now because it is being used by another application, script or extension wizard.

 
Ansys Electronics Desktop Version 2025.1.0, Build: 2024-07-25 02:25:26
Location: C:\Program Files\AnsysEM\v251\Win64\ansysedt.exe
Non Graphical Mode: No Project??
Starting Batch Run: 11:20:34 AM  Dec 05, 2024
Running as user : ANSYS\estaggs
Temp directory: C:\Users\estaggs\AppData\Local\Temp
Project directory: D:\Designs\Electronics_Desktop_2025
-- Message Window --
      *Global - Messages
        [info] GRPC server running on port: 64597. 
        [info] Parsing D:\Designs\Electronics_Desktop_2025\EMIT\AH-64 Apache Cosite.aedt.
        [info] Project AH-64 Apache Cosite has been opened.
        [info] File D:\Designs\Electronics_Desktop_2025\EMIT\AH-64 Apache Cosite.aedt correctly loaded. Elapsed time: 0m 7sec
        [info] Active Design set to 118;Apache Cosite
        [info] Aedt Objects correctly read
        [info] ModelerCircuit class has been initialized! Elapsed time: 0m 0sec
        [info] ModelerEmit class has been initialized!
        [info] Project AH-64 Apache Cosite Saved correctly
-- Message Window --
Stopping Batch Run: 11:21:41 AM  Dec 05, 2024
 
Ansys Electronics Desktop Version 2025.1.0, Build: 2024-07-25 02:25:26
Location: C:\Program Files\AnsysEM\v251\Win64\ansysedt.exe
Non Graphical Mode: No Project??
Starting Batch Run: 11:22:01 AM  Dec 05, 2024
Running as user : ANSYS\estaggs
Temp directory: C:\Users\estaggs\AppData\Local\Temp
Project directory: D:\Designs\Electronics_Desktop_2025
-- Message Window --
      *Global - Messages
        [info] GRPC server running on port: 64681. 
        [info] Parsing D:\Designs\Electronics_Desktop_2025\EMIT\AH-64 Apache Cosite.aedt.
        [info] Project AH-64 Apache Cosite has been opened.
        [info] File D:\Designs\Electronics_Desktop_2025\EMIT\AH-64 Apache Cosite.aedt correctly loaded. Elapsed time: 0m 5sec
        [info] Active Design set to 118;Apache Cosite
        [info] Aedt Objects correctly read
        [info] ModelerCircuit class has been initialized! Elapsed time: 0m 0sec
        [info] ModelerEmit class has been initialized!
        [info] Project AH-64 Apache Cosite Saved correctly
-- Message Window --
Stopping Batch Run: 11:23:08 AM  Dec 05, 2024
 
Ansys Electronics Desktop Version 2025.1.0, Build: 2024-11-30 15:03:33
Location: C:\Program Files\ANSYS Inc\v251\AnsysEM\ansysedt.exe
Non Graphical Mode: No Project??
Starting Batch Run: 3:50:52 PM  Dec 09, 2024
Running as user : ANSYS\jbommer
Temp directory: C:\Users\jbommer\AppData\Local\Temp
Project directory: C:\Users\jbommer\Documents\Ansoft
-- Message Window --
      *Global - Messages
        [info] GRPC server running on port: 64372. 
        [error] **************************************************************
        [error]   File "D:\OneDrive - ANSYS, Inc\Documents\GitHub\emit_hackathon_2\main.py", line 78, in <module>
        [error]     main()
        [error]   File "D:\OneDrive - ANSYS, Inc\Documents\GitHub\emit_hackathon_2\main.py", line 17, in main
        [error]     emit = pyaedt.Emit(project=project)
        [error] AEDT API Error on __init__
        [error] Last Electronics Desktop Message - [error] script macro error: the project file path d:/designs/electronics_desktop_2025/emit/ah-64 apache cosite.aedt is invalid. the project file path cannot be empty and the directory must already exist. the charact
        [error] ers \/:*?<>| cannot be in the project name and there must be no leading or trailing spaces. (03:51:01 pm  dec 09, 2024)  
        [error] Method arguments: 
        [error]     project = D:\Designs\Electronics_Desktop_2025\EMIT\AH-64 Apache Cosite.aedt 
        [error] **************************************************************
-- Message Window --
Stopping Batch Run: 3:51:02 PM  Dec 09, 2024
 
Ansys Electronics Desktop Version 2025.1.0, Build: 2024-11-30 15:03:33
Location: C:\Program Files\ANSYS Inc\v251\AnsysEM\ansysedt.exe
Non Graphical Mode: No Project??
Starting Batch Run: 4:01:05 PM  Dec 09, 2024
Running as user : ANSYS\jbommer
Temp directory: C:\Users\jbommer\AppData\Local\Temp
Project directory: C:\Users\jbommer\Documents\Ansoft
-- Message Window --
      *Global - Messages
        [info] GRPC server running on port: 64692. 
        [info] Parsing D:\OneDrive - ANSYS, Inc\Documents\GitHub\AH-64 Apache Cosite.aedt.
        [info] Project AH-64 Apache Cosite has been opened.
        [info] File D:\OneDrive - ANSYS, Inc\Documents\GitHub\AH-64 Apache Cosite.aedt correctly loaded. Elapsed time: 0m 5sec
        [info] Active Design set to 118;Apache Cosite
        [info] Aedt Objects correctly read
        [info] ModelerCircuit class has been initialized! Elapsed time: 0m 0sec
        [info] ModelerEmit class has been initialized!
        [info] Project AH-64 Apache Cosite Saved correctly
-- Message Window --
Stopping Batch Run: 4:01:22 PM  Dec 09, 2024
 
Ansys Electronics Desktop Version 2025.1.0, Build: 2024-11-30 15:03:33
Location: C:\Program Files\ANSYS Inc\v251\AnsysEM\ansysedt.exe
Non Graphical Mode: No Project??
Starting Batch Run: 4:36:49 PM  Dec 09, 2024
Running as user : ANSYS\jbommer
Temp directory: C:\Users\jbommer\AppData\Local\Temp
Project directory: C:\Users\jbommer\Documents\Ansoft
-- Message Window --
      *Global - Messages
        [info] GRPC server running on port: 65342. 
        [info] Parsing D:\OneDrive - ANSYS, Inc\Documents\GitHub\AH-64 Apache Cosite.aedt.
        [info] Project AH-64 Apache Cosite has been opened.
        [info] File D:\OneDrive - ANSYS, Inc\Documents\GitHub\AH-64 Apache Cosite.aedt correctly loaded. Elapsed time: 0m 6sec
        [info] Active Design set to 118;Apache Cosite
        [info] Aedt Objects correctly read
        [info] ModelerCircuit class has been initialized! Elapsed time: 0m 0sec
        [info] ModelerEmit class has been initialized!
        [info] Project AH-64 Apache Cosite Saved correctly
-- Message Window --
Stopping Batch Run: 4:37:09 PM  Dec 09, 2024
 
Ansys Electronics Desktop Version 2025.1.0, Build: 2024-11-30 15:03:33
Location: C:\Program Files\ANSYS Inc\v251\AnsysEM\ansysedt.exe
Non Graphical Mode: No Project??
Starting Batch Run: 4:44:50 PM  Dec 09, 2024
Running as user : ANSYS\jbommer
Temp directory: C:\Users\jbommer\AppData\Local\Temp
Project directory: C:\Users\jbommer\Documents\Ansoft
-- Message Window --
      *Global - Messages
        [info] GRPC server running on port: 49206. 
-- Message Window --
Stopping Batch Run: 4:45:00 PM  Dec 09, 2024
 
Ansys Electronics Desktop Version 2025.1.0, Build: 2024-11-30 15:03:33
Location: C:\Program Files\ANSYS Inc\v251\AnsysEM\ansysedt.exe
Non Graphical Mode: No Project??
Starting Batch Run: 4:45:07 PM  Dec 09, 2024
Running as user : ANSYS\jbommer
Temp directory: C:\Users\jbommer\AppData\Local\Temp
Project directory: C:\Users\jbommer\Documents\Ansoft
-- Message Window --
      *Global - Messages
        [info] GRPC server running on port: 49248. 
        [info] Parsing D:\OneDrive - ANSYS, Inc\Documents\GitHub\AH-64 Apache Cosite.aedt.
        [info] Project AH-64 Apache Cosite has been opened.
        [info] File D:\OneDrive - ANSYS, Inc\Documents\GitHub\AH-64 Apache Cosite.aedt correctly loaded. Elapsed time: 0m 6sec
        [info] Active Design set to 118;Apache Cosite
        [info] Aedt Objects correctly read
        [info] ModelerCircuit class has been initialized! Elapsed time: 0m 0sec
        [info] ModelerEmit class has been initialized!
-- Message Window --
Stopping Batch Run: 4:45:58 PM  Dec 09, 2024
 
Ansys Electronics Desktop Version 2025.1.0, Build: 2024-11-30 15:03:33
Location: C:\Program Files\ANSYS Inc\v251\AnsysEM\ansysedt.exe
Non Graphical Mode: No Project??
Starting Batch Run: 4:46:01 PM  Dec 09, 2024
Running as user : ANSYS\jbommer
Temp directory: C:\Users\jbommer\AppData\Local\Temp
Project directory: C:\Users\jbommer\Documents\Ansoft
-- Message Window --
      *Global - Messages
        [info] GRPC server running on port: 49357. 
        [info] Parsing D:\OneDrive - ANSYS, Inc\Documents\GitHub\AH-64 Apache Cosite.aedt.
        [info] Project AH-64 Apache Cosite has been opened.
        [info] File D:\OneDrive - ANSYS, Inc\Documents\GitHub\AH-64 Apache Cosite.aedt correctly loaded. Elapsed time: 0m 6sec
        [info] Active Design set to 118;Apache Cosite
        [info] Aedt Objects correctly read
        [info] ModelerCircuit class has been initialized! Elapsed time: 0m 0sec
        [info] ModelerEmit class has been initialized!
-- Message Window --
-- Message Window --
      *Global - Messages
        [info] GRPC server running on port: 49357. 
        [info] Parsing D:\OneDrive - ANSYS, Inc\Documents\GitHub\AH-64 Apache Cosite.aedt.
        [info] Project AH-64 Apache Cosite has been opened.
        [info] File D:\OneDrive - ANSYS, Inc\Documents\GitHub\AH-64 Apache Cosite.aedt correctly loaded. Elapsed time: 0m 6sec
        [info] Active Design set to 118;Apache Cosite
        [info] Aedt Objects correctly read
        [info] ModelerCircuit class has been initialized! Elapsed time: 0m 0sec
        [info] ModelerEmit class has been initialized!
-- Message Window --
rive - ANSYS, Inc\Documents\GitHub\AH-64 Apache Cosite.aedt correctly loaded. Elapsed time: 0m 9sec
        [info] Active Design set to 118;Apache Cosite
        [info] Aedt Objects correctly read
        [info] ModelerCircuit class has been initialized! Elapsed time: 0m 0sec
        [info] ModelerEmit class has been initialized!
-- Message Window --
-- Message Window --
      *Global - Messages
        [info] GRPC server running on port: 49791. 
        [info] Parsing D:\OneDrive - ANSYS, Inc\Documents\GitHub\AH-64 Apache Cosite.aedt.
        [info] Project AH-64 Apache Cosite has been opened.
        [info] File D:\OneDrive - ANSYS, Inc\Documents\GitHub\AH-64 Apache Cosite.aedt correctly loaded. Elapsed time: 0m 9sec
        [info] Active Design set to 118;Apache Cosite
        [info] Aedt Objects correctly read
        [info] ModelerCircuit class has been initialized! Elapsed time: 0m 0sec
        [info] ModelerEmit class has been initialized!
-- Message Window --
rive - ANSYS, Inc\Documents\GitHub\AH-64 Apache Cosite.aedt correctly loaded. Elapsed time: 0m 8sec
        [info] Active Design set to 118;Apache Cosite
        [info] Aedt Objects correctly read
        [info] ModelerCircuit class has been initialized! Elapsed time: 0m 0sec
        [info] ModelerEmit class has been initialized!
        [info] Project AH-64 Apache Cosite Saved correctly
-- Message Window --
Stopping Batch Run: 5:07:12 PM  Dec 09, 2024
 
Ansys Electronics Desktop Version 2025.1.0, Build: 2024-11-30 15:03:33
Location: C:\Program Files\ANSYS Inc\v251\AnsysEM\ansysedt.exe
Non Graphical Mode: No Project??
Starting Batch Run: 5:11:13 PM  Dec 09, 2024
Running as user : ANSYS\jbommer
Temp directory: C:\Users\jbommer\AppData\Local\Temp
Project directory: C:\Users\jbommer\Documents\Ansoft
-- Message Window --
      *Global - Messages
        [info] GRPC server running on port: 50378. 
        [info] Parsing D:\OneDrive - ANSYS, Inc\Documents\GitHub\AH-64 Apache Cosite.aedt.
        [info] Project AH-64 Apache Cosite has been opened.
        [info] Active Design set to 118;Apache Cosite
        [info] Aedt Objects correctly read
        [info] ModelerCircuit class has been initialized! Elapsed time: 0m 0sec
        [info] File D:\OneDrive - ANSYS, Inc\Documents\GitHub\AH-64 Apache Cosite.aedt correctly loaded. Elapsed time: 0m 0sec
        [info] ModelerEmit class has been initialized!
        [info] Project AH-64 Apache Cosite Saved correctly
-- Message Window --
-- Message Window --
      *Global - Messages
        [info] GRPC server running on port: 50378. 
        [info] Parsing D:\OneDrive - ANSYS, Inc\Documents\GitHub\AH-64 Apache Cosite.aedt.
        [info] Project AH-64 Apache Cosite has been opened.
        [info] Active Design set to 118;Apache Cosite
        [info] Aedt Objects correctly read
        [info] ModelerCircuit class has been initialized! Elapsed time: 0m 0sec
        [info] File D:\OneDrive - ANSYS, Inc\Documents\GitHub\AH-64 Apache Cosite.aedt correctly loaded. Elapsed time: 0m 0sec
        [info] ModelerEmit class has been initialized!
        [info] Project AH-64 Apache Cosite Saved correctly
-- Message Window --
correctly loaded. Elapsed time: 0m 9sec
        [info] Active Design set to 118;Apache Cosite
        [info] Aedt Objects correctly read
        [info] ModelerCircuit class has been initialized! Elapsed time: 0m 0sec
        [info] ModelerEmit class has been initialized!
        [info] Project AH-64 Apache Cosite Saved correctly
-- Message Window --
Stopping Batch Run: 5:37:30 PM  Dec 09, 2024
 
Ansys Electronics Desktop Version 2025.1.0, Build: 2024-11-30 15:03:33
Location: C:\Program Files\ANSYS Inc\v251\AnsysEM\ansysedt.exe
Non Graphical Mode: No Project??
Starting Batch Run: 5:44:51 PM  Dec 09, 2024
Running as user : ANSYS\jbommer
Temp directory: C:\Users\jbommer\AppData\Local\Temp
Project directory: C:\Users\jbommer\Documents\Ansoft
-- Message Window --
      *Global - Messages
        [info] GRPC server running on port: 51201. 
        [info] Parsing D:\OneDrive - ANSYS, Inc\Documents\GitHub\AH-64 Apache Cosite.aedt.
        [info] Project AH-64 Apache Cosite has been opened.
        [info] File D:\OneDrive - ANSYS, Inc\Documents\GitHub\AH-64 Apache Cosite.aedt correctly loaded. Elapsed time: 0m 6sec
        [info] Active Design set to 118;Apache Cosite
        [info] Aedt Objects correctly read
        [info] ModelerCircuit class has been initialized! Elapsed time: 0m 0sec
        [info] ModelerEmit class has been initialized!
        [info] Project AH-64 Apache Cosite Saved correctly
-- Message Window --
Stopping Batch Run: 5:45:18 PM  Dec 09, 2024
 
Ansys Electronics Desktop Version 2025.1.0, Build: 2024-11-30 15:03:33
Location: C:\Program Files\ANSYS Inc\v251\AnsysEM\ansysedt.exe
Non Graphical Mode: No Project??
Starting Batch Run: 5:58:06 PM  Dec 09, 2024
Running as user : ANSYS\jbommer
Temp directory: C:\Users\jbommer\AppData\Local\Temp
Project directory: C:\Users\jbommer\Documents\Ansoft
-- Message Window --
      *Global - Messages
        [info] GRPC server running on port: 51568. 
        [info] Parsing D:\OneDrive - ANSYS, Inc\Documents\GitHub\AH-64 Apache Cosite.aedt.
        [info] Project AH-64 Apache Cosite has been opened.
        [info] File D:\OneDrive - ANSYS, Inc\Documents\GitHub\AH-64 Apache Cosite.aedt correctly loaded. Elapsed time: 0m 6sec
        [info] Active Design set to 118;Apache Cosite
        [info] Aedt Objects correctly read
        [info] ModelerCircuit class has been initialized! Elapsed time: 0m 0sec
        [info] ModelerEmit class has been initialized!
        [info] Project AH-64 Apache Cosite Saved correctly
-- Message Window --
Stopping Batch Run: 5:58:27 PM  Dec 09, 2024
 
Ansys Electronics Desktop Version 2025.1.0, Build: 2024-11-30 15:03:33
Location: C:\Program Files\ANSYS Inc\v251\AnsysEM\ansysedt.exe
Non Graphical Mode: No Project??
Starting Batch Run: 6:04:40 PM  Dec 09, 2024
Running as user : ANSYS\jbommer
Temp directory: C:\Users\jbommer\AppData\Local\Temp
Project directory: C:\Users\jbommer\Documents\Ansoft
-- Message Window --
      *Global - Messages
        [info] GRPC server running on port: 51757. 
        [info] Parsing D:\OneDrive - ANSYS, Inc\Documents\GitHub\AH-64 Apache Cosite.aedt.
        [info] Project AH-64 Apache Cosite has been opened.
        [info] File D:\OneDrive - ANSYS, Inc\Documents\GitHub\AH-64 Apache Cosite.aedt correctly loaded. Elapsed time: 0m 6sec
        [info] Active Design set to 118;Apache Cosite
        [info] Aedt Objects correctly read
        [info] ModelerCircuit class has been initialized! Elapsed time: 0m 0sec
        [info] ModelerEmit class has been initialized!
        [info] Project AH-64 Apache Cosite Saved correctly
-- Message Window --
Stopping Batch Run: 6:05:01 PM  Dec 09, 2024
 
Ansys Electronics Desktop Version 2025.1.0, Build: 2024-11-30 15:03:33
Location: C:\Program Files\ANSYS Inc\v251\AnsysEM\ansysedt.exe
Non Graphical Mode: No Project??
Starting Batch Run: 6:16:09 PM  Dec 09, 2024
Running as user : ANSYS\jbommer
Temp directory: C:\Users\jbommer\AppData\Local\Temp
Project directory: C:\Users\jbommer\Documents\Ansoft
-- Message Window --
      *Global - Messages
        [info] GRPC server running on port: 52115. 
        [info] Parsing D:\OneDrive - ANSYS, Inc\Documents\GitHub\AH-64 Apache Cosite.aedt.
        [info] Project AH-64 Apache Cosite has been opened.
        [info] File D:\OneDrive - ANSYS, Inc\Documents\GitHub\AH-64 Apache Cosite.aedt correctly loaded. Elapsed time: 0m 7sec
        [info] Active Design set to 118;Apache Cosite
        [info] Aedt Objects correctly read
        [info] ModelerCircuit class has been initialized! Elapsed time: 0m 0sec
        [info] ModelerEmit class has been initialized!
        [info] Project AH-64 Apache Cosite Saved correctly
-- Message Window --
Stopping Batch Run: 6:16:27 PM  Dec 09, 2024
 
Ansys Electronics Desktop Version 2025.1.0, Build: 2024-11-30 15:03:33
Location: C:\Program Files\ANSYS Inc\v251\AnsysEM\ansysedt.exe
Non Graphical Mode: No Project??
Starting Batch Run: 6:19:54 PM  Dec 09, 2024
Running as user : ANSYS\jbommer
Temp directory: C:\Users\jbommer\AppData\Local\Temp
Project directory: C:\Users\jbommer\Documents\Ansoft
-- Message Window --
      *Global - Messages
        [info] GRPC server running on port: 52234. 
        [info] Parsing D:\OneDrive - ANSYS, Inc\Documents\GitHub\AH-64 Apache Cosite.aedt.
        [info] Project AH-64 Apache Cosite has been opened.
        [info] File D:\OneDrive - ANSYS, Inc\Documents\GitHub\AH-64 Apache Cosite.aedt correctly loaded. Elapsed time: 0m 6sec
        [info] Active Design set to 118;Apache Cosite
        [info] Aedt Objects correctly read
        [info] ModelerCircuit class has been initialized! Elapsed time: 0m 0sec
        [info] ModelerEmit class has been initialized!
        [info] Project AH-64 Apache Cosite Saved correctly
-- Message Window --
Stopping Batch Run: 6:20:13 PM  Dec 09, 2024
 
Ansys Electronics Desktop Version 2025.1.0, Build: 2024-11-30 15:03:33
Location: C:\Program Files\ANSYS Inc\v251\AnsysEM\ansysedt.exe
Non Graphical Mode: No Project??
Starting Batch Run: 6:20:55 PM  Dec 09, 2024
Running as user : ANSYS\jbommer
Temp directory: C:\Users\jbommer\AppData\Local\Temp
Project directory: C:\Users\jbommer\Documents\Ansoft
-- Message Window --
      *Global - Messages
        [info] GRPC server running on port: 52306. 
        [info] Parsing D:\OneDrive - ANSYS, Inc\Documents\GitHub\AH-64 Apache Cosite.aedt.
        [info] Project AH-64 Apache Cosite has been opened.
        [info] File D:\OneDrive - ANSYS, Inc\Documents\GitHub\AH-64 Apache Cosite.aedt correctly loaded. Elapsed time: 0m 6sec
        [info] Active Design set to 118;Apache Cosite
        [info] Aedt Objects correctly read
        [info] ModelerCircuit class has been initialized! Elapsed time: 0m 0sec
        [info] ModelerEmit class has been initialized!
        [info] Project AH-64 Apache Cosite Saved correctly
-- Message Window --
Stopping Batch Run: 6:21:43 PM  Dec 09, 2024
 
Ansys Electronics Desktop Version 2025.1.0, Build: 2024-11-30 15:03:33
Location: C:\Program Files\ANSYS Inc\v251\AnsysEM\ansysedt.exe
Non Graphical Mode: No Project??
Starting Batch Run: 6:36:28 PM  Dec 09, 2024
Running as user : ANSYS\jbommer
Temp directory: C:\Users\jbommer\AppData\Local\Temp
Project directory: C:\Users\jbommer\Documents\Ansoft
-- Message Window --
      *Global - Messages
        [info] GRPC server running on port: 52613. 
        [info] Parsing D:\OneDrive - ANSYS, Inc\Documents\GitHub\AH-64 Apache Cosite.aedt.
        [info] Project AH-64 Apache Cosite has been opened.
        [info] File D:\OneDrive - ANSYS, Inc\Documents\GitHub\AH-64 Apache Cosite.aedt correctly loaded. Elapsed time: 0m 6sec
        [info] Active Design set to 118;Apache Cosite
        [info] Aedt Objects correctly read
        [info] ModelerCircuit class has been initialized! Elapsed time: 0m 0sec
        [info] ModelerEmit class has been initialized!
        [info] Project AH-64 Apache Cosite Saved correctly
-- Message Window --
Stopping Batch Run: 6:39:13 PM  Dec 09, 2024
 
Ansys Electronics Desktop Version 2025.1.0, Build: 2024-11-30 15:03:33
Location: C:\Program Files\ANSYS Inc\v251\AnsysEM\ansysedt.exe
Non Graphical Mode: No Project??
Starting Batch Run: 6:39:50 PM  Dec 09, 2024
Running as user : ANSYS\jbommer
Temp directory: C:\Users\jbommer\AppData\Local\Temp
Project directory: C:\Users\jbommer\Documents\Ansoft
-- Message Window --
      *Global - Messages
        [info] GRPC server running on port: 52729. 
        [info] Parsing D:\OneDrive - ANSYS, Inc\Documents\GitHub\AH-64 Apache Cosite.aedt.
        [info] Project AH-64 Apache Cosite has been opened.
        [info] File D:\OneDrive - ANSYS, Inc\Documents\GitHub\AH-64 Apache Cosite.aedt correctly loaded. Elapsed time: 0m 5sec
        [info] Active Design set to 118;Apache Cosite
        [info] Aedt Objects correctly read
        [info] ModelerCircuit class has been initialized! Elapsed time: 0m 0sec
        [info] ModelerEmit class has been initialized!
        [info] Project AH-64 Apache Cosite Saved correctly
-- Message Window --
Stopping Batch Run: 5:42:57 AM  Dec 10, 2024
 
Ansys Electronics Desktop Version 2025.1.0, Build: 2024-11-30 15:03:33
Location: C:\Program Files\ANSYS Inc\v251\AnsysEM\ansysedt.exe
Non Graphical Mode: No Project??
Starting Batch Run: 9:12:54 AM  Dec 11, 2024
Running as user : ANSYS\jbommer
Temp directory: C:\Users\jbommer\AppData\Local\Temp
Project directory: C:\Users\jbommer\Documents\Ansoft
-- Message Window --
      *Global - Messages
        [info] GRPC server running on port: 51737. 
        [info] Parsing D:\OneDrive - ANSYS, Inc\Documents\GitHub\AH-64 Apache Cosite.aedt.
        [info] Project AH-64 Apache Cosite has been opened.
        [info] File D:\OneDrive - ANSYS, Inc\Documents\GitHub\AH-64 Apache Cosite.aedt correctly loaded. Elapsed time: 0m 6sec
        [info] Active Design set to 118;Apache Cosite
        [info] Aedt Objects correctly read
        [info] ModelerCircuit class has been initialized! Elapsed time: 0m 0sec
        [info] ModelerEmit class has been initialized!
        [info] Project AH-64 Apache Cosite Saved correctly
-- Message Window --
Stopping Batch Run: 9:27:20 AM  Dec 11, 2024
 
Ansys Electronics Desktop Version 2025.1.0, Build: 2024-11-30 15:03:33
Location: C:\Program Files\ANSYS Inc\v251\AnsysEM\ansysedt.exe
Non Graphical Mode: No Project??
Starting Batch Run: 8:57:26 AM  Dec 20, 2024
Running as user : ANSYS\jbommer
Temp directory: C:\Users\jbommer\AppData\Local\Temp
Project directory: C:\Users\jbommer\Documents\Ansoft
-- Message Window --
      *Global - Messages
        [info] GRPC server running on port: 63483. 
        [info] Parsing D:\OneDrive - ANSYS, Inc\Documents\GitHub\AH-64 Apache Cosite.aedt.
        [info] Project AH-64 Apache Cosite has been opened.
        [error] **************************************************************
        [info] File D:\OneDrive - ANSYS, Inc\Documents\GitHub\AH-64 Apache Cosite.aedt correctly loaded. Elapsed time: 0m 42sec
        [error]   File "D:\OneDrive - ANSYS, Inc\Documents\GitHub\emit_hackathon_2\main.py", line 121, in <module>
        [error]     main()
        [error]   File "D:\OneDrive - ANSYS, Inc\Documents\GitHub\emit_hackathon_2\main.py", line 19, in main
        [error]     emit = pyaedt.Emit(project=project)
        [error] AEDT API Error on active_design
        [error] Last Electronics Desktop Message - [error] script macro error: access to the requested resource is not permitted. (08:58:17 am  dec 20, 2024)  
        [error] Method arguments: 
        [error]     project_object = Instance of an Aedt object:22 
        [error]     name = 118;Apache Cosite 
        [error]     design_type = EMIT 
        [error] **************************************************************
        [info] Active Design set to 118;Apache Cosite
        [info] Aedt Objects correctly read
        [info] ModelerCircuit class has been initialized! Elapsed time: 0m 0sec
        [error] **************************************************************
        [error]   File "D:\OneDrive - ANSYS, Inc\Documents\GitHub\emit_hackathon_2\main.py", line 121, in <module>
        [error]     main()
        [error]   File "D:\OneDrive - ANSYS, Inc\Documents\GitHub\emit_hackathon_2\main.py", line 19, in main
        [error]     emit = pyaedt.Emit(project=project)
        [error] 'nonetype' object has no attribute 'getallcomponents' on refresh_all_ids
        [error] Last Electronics Desktop Message - [error] script macro error: access to the requested resource is not permitted. (08:58:17 am  dec 20, 2024)  
        [error] **************************************************************
        [info] ModelerEmit class has been initialized!
        [error] **************************************************************
        [error]   File "D:\OneDrive - ANSYS, Inc\Documents\GitHub\emit_hackathon_2\main.py", line 121, in <module>
        [error]     main()
        [error]   File "D:\OneDrive - ANSYS, Inc\Documents\GitHub\emit_hackathon_2\main.py", line 19, in main
        [error]     emit = pyaedt.Emit(project=project)
        [error] AEDT API Error on active_design
        [error] Last Electronics Desktop Message - [error] script macro error: the project is not activated (08:58:18 am  dec 20, 2024)  
        [error] Method arguments: 
        [error]     project_object = Instance of an Aedt object:105 
        [error] **************************************************************
        [error] **************************************************************
        [error]   File "D:\OneDrive - ANSYS, Inc\Documents\GitHub\emit_hackathon_2\main.py", line 121, in <module>
        [error]     main()
        [error]   File "D:\OneDrive - ANSYS, Inc\Documents\GitHub\emit_hackathon_2\main.py", line 20, in main
        [error]     revision = emit.results.analyze()
        [error] 'bool' object has no attribute 'getcurrentresult' on _add_revision
        [error] Last Electronics Desktop Message - [error] script macro error: the project is not activated (08:58:18 am  dec 20, 2024)  
        [error] **************************************************************
-- Message Window --
Stopping Batch Run: 8:58:20 AM  Dec 20, 2024
 
Ansys Electronics Desktop Version 2025.1.0, Build: 2024-11-30 15:03:33
Location: C:\Program Files\ANSYS Inc\v251\AnsysEM\ansysedt.exe
Non Graphical Mode: No Project??
Starting Batch Run: 9:02:51 AM  Dec 20, 2024
Running as user : ANSYS\jbommer
Temp directory: C:\Users\jbommer\AppData\Local\Temp
Project directory: C:\Users\jbommer\Documents\Ansoft
-- Message Window --
      *Global - Messages
        [info] GRPC server running on port: 58411. 
        [info] Parsing D:\OneDrive - ANSYS, Inc\Documents\GitHub\AH-64 Apache Cosite.aedt.
        [info] Project AH-64 Apache Cosite has been opened.
        [info] File D:\OneDrive - ANSYS, Inc\Documents\GitHub\AH-64 Apache Cosite.aedt correctly loaded. Elapsed time: 0m 41sec
        [error] **************************************************************
        [error]   File "D:\OneDrive - ANSYS, Inc\Documents\GitHub\emit_hackathon_2\main.py", line 121, in <module>
        [error]     main()
        [error]   File "D:\OneDrive - ANSYS, Inc\Documents\GitHub\emit_hackathon_2\main.py", line 19, in main
        [error]     emit = pyaedt.Emit(project=project)
        [error] AEDT API Error on active_design
        [error] Last Electronics Desktop Message - [error] script macro error: access to the requested resource is not permitted. (09:03:42 am  dec 20, 2024)  
        [error] Method arguments: 
        [error]     project_object = Instance of an Aedt object:22 
        [error]     name = 118;Apache Cosite 
        [error]     design_type = EMIT 
        [error] **************************************************************
        [info] Active Design set to 118;Apache Cosite
        [info] Aedt Objects correctly read
        [info] ModelerCircuit class has been initialized! Elapsed time: 0m 0sec
        [error] **************************************************************
        [error]   File "D:\OneDrive - ANSYS, Inc\Documents\GitHub\emit_hackathon_2\main.py", line 121, in <module>
        [error]     main()
        [error]   File "D:\OneDrive - ANSYS, Inc\Documents\GitHub\emit_hackathon_2\main.py", line 19, in main
        [error]     emit = pyaedt.Emit(project=project)
        [error] 'nonetype' object has no attribute 'getallcomponents' on refresh_all_ids
        [error] Last Electronics Desktop Message - [error] script macro error: access to the requested resource is not permitted. (09:03:42 am  dec 20, 2024)  
        [error] **************************************************************
        [info] ModelerEmit class has been initialized!
        [error] **************************************************************
        [error]   File "D:\OneDrive - ANSYS, Inc\Documents\GitHub\emit_hackathon_2\main.py", line 121, in <module>
        [error]     main()
        [error]   File "D:\OneDrive - ANSYS, Inc\Documents\GitHub\emit_hackathon_2\main.py", line 19, in main
        [error]     emit = pyaedt.Emit(project=project)
        [error] AEDT API Error on active_design
        [error] Last Electronics Desktop Message - [error] script macro error: the project is not activated (09:03:43 am  dec 20, 2024)  
        [error] Method arguments: 
        [error]     project_object = Instance of an Aedt object:105 
        [error] **************************************************************
        [error] **************************************************************
        [error]   File "D:\OneDrive - ANSYS, Inc\Documents\GitHub\emit_hackathon_2\main.py", line 121, in <module>
        [error]     main()
        [error]   File "D:\OneDrive - ANSYS, Inc\Documents\GitHub\emit_hackathon_2\main.py", line 20, in main
        [error]     revision = emit.results.analyze()
        [error] 'bool' object has no attribute 'getcurrentresult' on _add_revision
        [error] Last Electronics Desktop Message - [error] script macro error: the project is not activated (09:03:43 am  dec 20, 2024)  
        [error] **************************************************************
-- Message Window --
Stopping Batch Run: 9:03:45 AM  Dec 20, 2024
 
Ansys Electronics Desktop Version 2025.1.0, Build: 2024-11-30 15:03:33
Location: C:\Program Files\ANSYS Inc\v251\AnsysEM\ansysedt.exe
Non Graphical Mode: No Project??
Starting Batch Run: 9:06:36 AM  Dec 20, 2024
Running as user : ANSYS\jbommer
Temp directory: C:\Users\jbommer\AppData\Local\Temp
Project directory: C:\Users\jbommer\Documents\Ansoft
-- Message Window --
      *Global - Messages
        [info] GRPC server running on port: 58646. 
        [info] Parsing D:\OneDrive - ANSYS, Inc\Documents\GitHub\AH-64 Apache Cosite.aedt.
        [info] Project AH-64 Apache Cosite has been opened.
        [info] File D:\OneDrive - ANSYS, Inc\Documents\GitHub\AH-64 Apache Cosite.aedt correctly loaded. Elapsed time: 0m 41sec
        [error] **************************************************************
        [error]   File "D:\OneDrive - ANSYS, Inc\Documents\GitHub\emit_hackathon_2\main.py", line 121, in <module>
        [error]     main()
        [error]   File "D:\OneDrive - ANSYS, Inc\Documents\GitHub\emit_hackathon_2\main.py", line 19, in main
        [error]     emit = pyaedt.Emit(project=project)
        [error] AEDT API Error on active_design
        [error] Last Electronics Desktop Message - [error] script macro error: access to the requested resource is not permitted. (09:07:25 am  dec 20, 2024)  
        [error] Method arguments: 
        [error]     project_object = Instance of an Aedt object:22 
        [error]     name = 118;Apache Cosite 
        [error]     design_type = EMIT 
        [error] **************************************************************
        [info] Active Design set to 118;Apache Cosite
        [info] Aedt Objects correctly read
        [info] ModelerCircuit class has been initialized! Elapsed time: 0m 0sec
        [error] **************************************************************
        [error]   File "D:\OneDrive - ANSYS, Inc\Documents\GitHub\emit_hackathon_2\main.py", line 121, in <module>
        [error]     main()
        [error]   File "D:\OneDrive - ANSYS, Inc\Documents\GitHub\emit_hackathon_2\main.py", line 19, in main
        [error]     emit = pyaedt.Emit(project=project)
        [error] 'nonetype' object has no attribute 'getallcomponents' on refresh_all_ids
        [error] Last Electronics Desktop Message - [error] script macro error: access to the requested resource is not permitted. (09:07:25 am  dec 20, 2024)  
        [error] **************************************************************
        [info] ModelerEmit class has been initialized!
        [error] **************************************************************
        [error]   File "D:\OneDrive - ANSYS, Inc\Documents\GitHub\emit_hackathon_2\main.py", line 121, in <module>
        [error]     main()
        [error]   File "D:\OneDrive - ANSYS, Inc\Documents\GitHub\emit_hackathon_2\main.py", line 19, in main
        [error]     emit = pyaedt.Emit(project=project)
        [error] AEDT API Error on active_design
        [error] Last Electronics Desktop Message - [error] script macro error: the project is not activated (09:07:26 am  dec 20, 2024)  
        [error] Method arguments: 
        [error]     project_object = Instance of an Aedt object:105 
        [error] **************************************************************
        [error] **************************************************************
        [error]   File "D:\OneDrive - ANSYS, Inc\Documents\GitHub\emit_hackathon_2\main.py", line 121, in <module>
        [error]     main()
        [error]   File "D:\OneDrive - ANSYS, Inc\Documents\GitHub\emit_hackathon_2\main.py", line 20, in main
        [error]     revision = emit.results.analyze()
        [error] 'bool' object has no attribute 'getcurrentresult' on _add_revision
        [error] Last Electronics Desktop Message - [error] script macro error: the project is not activated (09:07:26 am  dec 20, 2024)  
        [error] **************************************************************
-- Message Window --
Stopping Batch Run: 9:07:27 AM  Dec 20, 2024
 
Ansys Electronics Desktop Version 2025.1.0, Build: 2024-11-30 15:03:33
Location: C:\Program Files\ANSYS Inc\v251\AnsysEM\ansysedt.exe
Non Graphical Mode: No Project??
Starting Batch Run: 10:03:31 AM  Dec 20, 2024
Running as user : ANSYS\jbommer
Temp directory: C:\Users\jbommer\AppData\Local\Temp
Project directory: C:\Users\jbommer\Documents\Ansoft
-- Message Window --
      *Global - Messages
        [info] GRPC server running on port: 51142. 
        [info] Parsing D:\OneDrive - ANSYS, Inc\Documents\GitHub\AH-64 Apache Cosite.aedt.
        [info] Project AH-64 Apache Cosite has been opened.
        [info] File D:\OneDrive - ANSYS, Inc\Documents\GitHub\AH-64 Apache Cosite.aedt correctly loaded. Elapsed time: 0m 6sec
        [info] Active Design set to 118;Apache Cosite
        [info] Aedt Objects correctly read
        [info] ModelerCircuit class has been initialized! Elapsed time: 0m 0sec
        [info] ModelerEmit class has been initialized!
        [info] Project AH-64 Apache Cosite Saved correctly
-- Message Window --
Stopping Batch Run: 12:10:18 PM  Dec 20, 2024
 
Ansys Electronics Desktop Version 2025.1.0, Build: 2024-11-30 15:03:33
Location: C:\Program Files\ANSYS Inc\v251\AnsysEM\ansysedt.exe
Non Graphical Mode: No Project??
Starting Batch Run: 2:10:33 PM  Jan 09, 2025
Running as user : ANSYS\jbommer
Temp directory: C:\Users\jbommer\AppData\Local\Temp
Project directory: C:\Users\jbommer\Documents\Ansoft
-- Message Window --
      *Global - Messages
        [info] GRPC server running on port: 58497. 
        [info] Parsing D:\OneDrive - ANSYS, Inc\Documents\GitHub\AH-64 Apache Cosite.aedt.
        [info] Project AH-64 Apache Cosite has been opened.
        [info] Active Design set to 118;Apache Cosite
        [info] Aedt Objects correctly read
        [info] ModelerCircuit class has been initialized! Elapsed time: 0m 0sec
        [info] ModelerEmit class has been initialized!
        [info] File D:\OneDrive - ANSYS, Inc\Documents\GitHub\AH-64 Apache Cosite.aedt correctly loaded. Elapsed time: 0m 0sec
        [info] Project AH-64 Apache Cosite Saved correctly
-- Message Window --
Stopping Batch Run: 2:15:31 PM  Jan 09, 2025
 
Ansys Electronics Desktop Version 2025.1.0, Build: 2024-11-30 15:03:33
Location: C:\Program Files\ANSYS Inc\v251\AnsysEM\ansysedt.exe
Non Graphical Mode: No Project??
Starting Batch Run: 2:16:37 PM  Jan 09, 2025
Running as user : ANSYS\jbommer
Temp directory: C:\Users\jbommer\AppData\Local\Temp
Project directory: C:\Users\jbommer\Documents\Ansoft
-- Message Window --
      *Global - Messages
        [info] GRPC server running on port: 51047. 
        [info] Parsing D:/OneDrive - ANSYS, Inc/Documents/GitHub/AH-64 Apache Cosite.aedt.
        [info] Project AH-64 Apache Cosite has been opened.
        [info] File D:/OneDrive - ANSYS, Inc/Documents/GitHub/AH-64 Apache Cosite.aedt correctly loaded. Elapsed time: 0m 6sec
        [info] Active Design set to 118;Apache Cosite
        [info] Aedt Objects correctly read
        [info] ModelerCircuit class has been initialized! Elapsed time: 0m 0sec
        [info] ModelerEmit class has been initialized!
        [info] Project AH-64 Apache Cosite Saved correctly
-- Message Window --
Stopping Batch Run: 2:21:19 PM  Jan 09, 2025
 
Ansys Electronics Desktop Version 2025.1.0, Build: 2024-11-30 15:03:33
Location: C:\Program Files\ANSYS Inc\v251\AnsysEM\ansysedt.exe
Non Graphical Mode: No Project??
Starting Batch Run: 2:29:10 PM  Jan 09, 2025
Running as user : ANSYS\jbommer
Temp directory: C:\Users\jbommer\AppData\Local\Temp
Project directory: C:\Users\jbommer\Documents\Ansoft
-- Message Window --
      *Global - Messages
        [info] GRPC server running on port: 51506. 
        [error] **************************************************************
        [error]   File "D:\OneDrive - ANSYS, Inc\Documents\GitHub\emit_hackathon_2\hierarchy_test.py", line 8, in <module>
        [error]     aggressors, victims, domain, revision = tx_rx_response.get_radios(project,"2025.1")
        [error]   File "D:\OneDrive - ANSYS, Inc\Documents\GitHub\emit_hackathon_2\tx_rx_response.py", line 25, in get_radios
        [error]     emit = pyaedt.Emit(project=project)
        [error] AEDT API Error on __init__
        [error] Last Electronics Desktop Message - [error] script macro error: the project file path d:/designs/electronics_desktop_2025/emit/ah-64 apache cosite.aedt is invalid. the project file path cannot be empty and the directory must already exist. the charact
        [error] ers \/:*?<>| cannot be in the project name and there must be no leading or trailing spaces. (02:29:20 pm  jan 09, 2025)  
        [error] Method arguments: 
        [error]     project = D:\Designs\Electronics_Desktop_2025\EMIT\AH-64 Apache Cosite.aedt 
        [error] **************************************************************
-- Message Window --
Stopping Batch Run: 2:29:22 PM  Jan 09, 2025
 
Ansys Electronics Desktop Version 2025.1.0, Build: 2024-11-30 15:03:33
Location: C:\Program Files\ANSYS Inc\v251\AnsysEM\ansysedt.exe
Non Graphical Mode: No Project??
Starting Batch Run: 2:30:29 PM  Jan 09, 2025
Running as user : ANSYS\jbommer
Temp directory: C:\Users\jbommer\AppData\Local\Temp
Project directory: C:\Users\jbommer\Documents\Ansoft
-- Message Window --
      *Global - Messages
        [info] GRPC server running on port: 51581. 
        [info] Parsing D:\OneDrive - ANSYS, Inc\Documents\GitHub\AH-64 Apache Cosite.aedt.
        [info] Project AH-64 Apache Cosite has been opened.
        [info] Active Design set to 118;Apache Cosite
        [info] File D:\OneDrive - ANSYS, Inc\Documents\GitHub\AH-64 Apache Cosite.aedt correctly loaded. Elapsed time: 0m 7sec
        [info] Aedt Objects correctly read
        [info] ModelerCircuit class has been initialized! Elapsed time: 0m 0sec
        [info] ModelerEmit class has been initialized!
-- Message Window --
Stopping Batch Run: 2:30:47 PM  Jan 09, 2025
 
Ansys Electronics Desktop Version 2025.1.0, Build: 2024-11-30 15:03:33
Location: C:\Program Files\ANSYS Inc\v251\AnsysEM\ansysedt.exe
Non Graphical Mode: No Project??
Starting Batch Run: 2:32:21 PM  Jan 09, 2025
Running as user : ANSYS\jbommer
Temp directory: C:\Users\jbommer\AppData\Local\Temp
Project directory: C:\Users\jbommer\Documents\Ansoft
-- Message Window --
      *Global - Messages
        [info] GRPC server running on port: 51695. 
        [info] Parsing D:\OneDrive - ANSYS, Inc\Documents\GitHub\AH-64 Apache Cosite.aedt.
        [info] Project AH-64 Apache Cosite has been opened.
        [info] Active Design set to 118;Apache Cosite
        [info] File D:\OneDrive - ANSYS, Inc\Documents\GitHub\AH-64 Apache Cosite.aedt correctly loaded. Elapsed time: 0m 6sec
        [info] Aedt Objects correctly read
        [info] ModelerCircuit class has been initialized! Elapsed time: 0m 0sec
        [info] ModelerEmit class has been initialized!
-- Message Window --
 
Ansys Electronics Desktop Version 2025.1.0, Build: 2024-11-30 15:03:33
Location: C:\Program Files\ANSYS Inc\v251\AnsysEM\ansysedt.exe
Non Graphical Mode: No Project??
Starting Batch Run: 2:37:11 PM  Jan 09, 2025
Running as user : ANSYS\jbommer
Temp directory: C:\Users\jbommer\AppData\Local\Temp
Project directory: C:\Users\jbommer\Documents\Ansoft
-- Message Window --
      *Global - Messages
        [info] GRPC server running on port: 51891. 
        [info] Parsing D:\OneDrive - ANSYS, Inc\Documents\GitHub\AH-64 Apache Cosite.aedt.
        [info] Project AH-64 Apache Cosite has been opened.
        [info] File D:\OneDrive - ANSYS, Inc\Documents\GitHub\AH-64 Apache Cosite.aedt correctly loaded. Elapsed time: 0m 6sec
        [info] Active Design set to 118;Apache Cosite
        [info] Aedt Objects correctly read
        [info] ModelerCircuit class has been initialized! Elapsed time: 0m 0sec
        [info] ModelerEmit class has been initialized!
-- Message Window --
Stopping Batch Run: 2:37:29 PM  Jan 09, 2025
 
Ansys Electronics Desktop Version 2025.1.0, Build: 2024-11-30 15:03:33
Location: C:\Program Files\ANSYS Inc\v251\AnsysEM\ansysedt.exe
Non Graphical Mode: No Project??
Starting Batch Run: 2:59:43 PM  Jan 09, 2025
Running as user : ANSYS\jbommer
Temp directory: C:\Users\jbommer\AppData\Local\Temp
Project directory: C:\Users\jbommer\Documents\Ansoft
-- Message Window --
      *Global - Messages
        [info] GRPC server running on port: 52412. 
        [error] **************************************************************
        [error]   File "D:\OneDrive - ANSYS, Inc\Documents\GitHub\emit_hackathon_2\hierarchy_test.py", line 8, in <module>
        [error]     aggressors, victims, domain, revision = tx_rx_response.get_radios(project,"2025.1")
        [error]   File "D:\OneDrive - ANSYS, Inc\Documents\GitHub\emit_hackathon_2\tx_rx_response.py", line 25, in get_radios
        [error]     emit = pyaedt.Emit(project=project)
        [error] AEDT API Error on __init__
        [error] Last Electronics Desktop Message - [error] script macro error: the project file path d:/designs/electronics_desktop_2025/emit/ah-64 apache cosite.aedt is invalid. the project file path cannot be empty and the directory must already exist. the charact
        [error] ers \/:*?<>| cannot be in the project name and there must be no leading or trailing spaces. (02:59:52 pm  jan 09, 2025)  
        [error] Method arguments: 
        [error]     project = D:\Designs\Electronics_Desktop_2025\EMIT\AH-64 Apache Cosite.aedt 
        [error] **************************************************************
-- Message Window --
Stopping Batch Run: 2:59:53 PM  Jan 09, 2025
 
Ansys Electronics Desktop Version 2025.1.0, Build: 2024-11-30 15:03:33
Location: C:\Program Files\ANSYS Inc\v251\AnsysEM\ansysedt.exe
Non Graphical Mode: No Project??
Starting Batch Run: 3:01:03 PM  Jan 09, 2025
Running as user : ANSYS\jbommer
Temp directory: C:\Users\jbommer\AppData\Local\Temp
Project directory: C:\Users\jbommer\Documents\Ansoft
-- Message Window --
      *Global - Messages
        [info] GRPC server running on port: 52449. 
        [info] Parsing D:\OneDrive - ANSYS, Inc\Documents\GitHub\AH-64 Apache Cosite.aedt.
        [info] Project AH-64 Apache Cosite has been opened.
        [info] File D:\OneDrive - ANSYS, Inc\Documents\GitHub\AH-64 Apache Cosite.aedt correctly loaded. Elapsed time: 0m 8sec
        [info] Active Design set to 118;Apache Cosite
        [info] Aedt Objects correctly read
        [info] ModelerCircuit class has been initialized! Elapsed time: 0m 0sec
        [info] ModelerEmit class has been initialized!
-- Message Window --
Stopping Batch Run: 3:01:23 PM  Jan 09, 2025
